<?xml version="1.0" encoding="UTF-8"?>
<!-- Generated by org.testng.reporters.JUnitReportReporter -->
<testsuite hostname="DESKTOP-O1KVIBH" failures="0" tests="1" name="Tests.Tests" time="25.983" errors="0" timestamp="2023-10-06T10:43:53 CLST" skipped="0">
  <testcase classname="Tests.Tests" name="f" time="25.983">
    <system-out>
      <![CDATA[_auto tiene un elemento: autos usados
_auto tiene un elemento: authogar
_auto tiene un elemento: autismo
_auto tiene un elemento: autos
_auto tiene un elemento: auto de milei
_auto tiene un elemento: autocad
_auto tiene un elemento: autocosmos
_auto tiene un elemento: autoblog
_auto tiene un elemento: Autodesk
_auto tiene un elemento: autopista del oeste
_automation tiene un elemento: Automático
Canción de María Becerra
_automation tiene un elemento: automatizacion de portones
_automation tiene un elemento: automatico para tanque de agua
_automation tiene un elemento: automatizacion
_automation tiene un elemento: automatismo
_automation tiene un elemento: automatismo cardiaco
_automation tiene un elemento: automation traductor
_automation tiene un elemento: automationpractice
_automation tiene un elemento: Automation - The Car Company Tycoon Game
Videojuego
_automation tiene un elemento: Automation Systems SA
Servicio de seguridad privada · San Martín, Provincia de Buenos Aires]]>
    </system-out>
  </testcase> <!-- f -->
  <system-out>
    <![CDATA[_auto tiene un elemento: autos usados
_auto tiene un elemento: authogar
_auto tiene un elemento: autismo
_auto tiene un elemento: autos
_auto tiene un elemento: auto de milei
_auto tiene un elemento: autocad
_auto tiene un elemento: autocosmos
_auto tiene un elemento: autoblog
_auto tiene un elemento: Autodesk
_auto tiene un elemento: autopista del oeste
_automation tiene un elemento: Automático
Canción de María Becerra
_automation tiene un elemento: automatizacion de portones
_automation tiene un elemento: automatico para tanque de agua
_automation tiene un elemento: automatizacion
_automation tiene un elemento: automatismo
_automation tiene un elemento: automatismo cardiaco
_automation tiene un elemento: automation traductor
_automation tiene un elemento: automationpractice
_automation tiene un elemento: Automation - The Car Company Tycoon Game
Videojuego
_automation tiene un elemento: Automation Systems SA
Servicio de seguridad privada · San Martín, Provincia de Buenos Aires]]>
  </system-out>
</testsuite> <!-- Tests.Tests -->
