<?xml version="1.0" encoding="UTF-8"?>
<!-- Generated by org.testng.reporters.JUnitReportReporter -->
<testsuite hostname="kushi" failures="0" tests="1" name="Tests.Tests" time="9.363" errors="0" timestamp="2023-10-05T19:30:25 ART" skipped="0">
  <testcase classname="Tests.Tests" name="f" time="9.363">
    <system-out>
      <![CDATA[_auto tiene un elemento: auto de milei
_auto tiene un elemento: autos usados
_auto tiene un elemento: autos
_auto tiene un elemento: autos usados bahia blanca
_auto tiene un elemento: autos usados bahia
_auto tiene un elemento: autoclasica 2023
_auto tiene un elemento: autodromo galvez
Autódromo Óscar y Juan Gálvez · Buenos Aires
_auto tiene un elemento: autoblog
_auto tiene un elemento: autocad
_auto tiene un elemento: autocosmos
_automation tiene un elemento: Automation
Videojuego
_automation tiene un elemento: Automation Anywhere
_automation tiene un elemento: automation studio
_automation tiene un elemento: automation meaning
_automation tiene un elemento: automation testing
_automation tiene un elemento: Automation Empire
Videojuego
_automation tiene un elemento: automation traductor
_automation tiene un elemento: automationpractice
_automation tiene un elemento: Automation - The Car Company Tycoon Game
Videojuego
_automation tiene un elemento: Automation Systems SA
Servicio de seguridad privada · San Martín, Provincia de Buenos Aires]]>
    </system-out>
  </testcase> <!-- f -->
  <system-out>
    <![CDATA[_auto tiene un elemento: auto de milei
_auto tiene un elemento: autos usados
_auto tiene un elemento: autos
_auto tiene un elemento: autos usados bahia blanca
_auto tiene un elemento: autos usados bahia
_auto tiene un elemento: autoclasica 2023
_auto tiene un elemento: autodromo galvez
Autódromo Óscar y Juan Gálvez · Buenos Aires
_auto tiene un elemento: autoblog
_auto tiene un elemento: autocad
_auto tiene un elemento: autocosmos
_automation tiene un elemento: Automation
Videojuego
_automation tiene un elemento: Automation Anywhere
_automation tiene un elemento: automation studio
_automation tiene un elemento: automation meaning
_automation tiene un elemento: automation testing
_automation tiene un elemento: Automation Empire
Videojuego
_automation tiene un elemento: automation traductor
_automation tiene un elemento: automationpractice
_automation tiene un elemento: Automation - The Car Company Tycoon Game
Videojuego
_automation tiene un elemento: Automation Systems SA
Servicio de seguridad privada · San Martín, Provincia de Buenos Aires]]>
  </system-out>
</testsuite> <!-- Tests.Tests -->
