<?xml version="1.0" encoding="UTF-8"?>
<!-- Generated by org.testng.reporters.JUnitReportReporter -->
<testsuite hostname="kushi" failures="0" tests="1" name="Tests.Tests" time="6.842" errors="0" timestamp="2023-10-05T14:23:24 ART" skipped="0">
  <testcase classname="Tests.Tests" name="f" time="6.842"/>
</testsuite> <!-- Tests.Tests -->
