<?xml version="1.0" encoding="UTF-8"?>
<!-- Generated by org.testng.reporters.JUnitReportReporter -->
<testsuite hostname="kushi" failures="0" tests="1" name="Tests.Tests" time="6.900" errors="0" timestamp="2023-10-05T04:09:28 ART" skipped="0">
  <testcase classname="Tests.Tests" name="f" time="6.900"/>
</testsuite> <!-- Tests.Tests -->
